c:\users\josed\desktop\rsa\rsa\debug\vc140.pdb
c:\users\josed\desktop\rsa\rsa\debug\vc140.idb
c:\users\josed\desktop\rsa\rsa\debug\func_esquema.obj
c:\users\josed\desktop\rsa\rsa\debug\func_numero2texto.obj
c:\users\josed\desktop\rsa\rsa\debug\func_r_elev_s_mod_n.obj
c:\users\josed\desktop\rsa\rsa\debug\func_texto2num.obj
c:\users\josed\desktop\rsa\rsa\debug\main.obj
c:\users\josed\desktop\rsa\rsa\debug\mcd.obj
c:\users\josed\desktop\rsa\rsa\debug\prime.obj
c:\users\josed\desktop\rsa\rsa\debug\rand_num.obj
c:\users\josed\desktop\rsa\rsa\debug\rand_prime.obj
c:\users\josed\desktop\rsa\rsa\debug\func_claves_publica_privada.obj
c:\users\josed\desktop\rsa\rsa\debug\alg_eucl.obj
c:\users\josed\desktop\rsa\rsa\debug\inversozn.obj
c:\users\josed\desktop\rsa\debug\rsa.ilk
c:\users\josed\desktop\rsa\debug\rsa.exe
c:\users\josed\desktop\rsa\debug\rsa.pdb
c:\users\josed\desktop\rsa\rsa\debug\rsa.tlog\cl.command.1.tlog
c:\users\josed\desktop\rsa\rsa\debug\rsa.tlog\cl.read.1.tlog
c:\users\josed\desktop\rsa\rsa\debug\rsa.tlog\cl.write.1.tlog
c:\users\josed\desktop\rsa\rsa\debug\rsa.tlog\link.command.1.tlog
c:\users\josed\desktop\rsa\rsa\debug\rsa.tlog\link.read.1.tlog
c:\users\josed\desktop\rsa\rsa\debug\rsa.tlog\link.write.1.tlog
